Test Core (Rust) (windows-latest)	Set up job	∩╗┐2025-09-18T13:22:31.8575489Z Current runner version: '2.328.0'
Test Core (Rust) (windows-latest)	Set up job	2025-09-18T13:22:31.8671069Z ##[group]Runner Image Provisioner
Test Core (Rust) (windows-latest)	Set up job	2025-09-18T13:22:31.8671809Z Hosted Compute Agent
Test Core (Rust) (windows-latest)	Set up job	2025-09-18T13:22:31.8672392Z Version: 20250829.383
Test Core (Rust) (windows-latest)	Set up job	2025-09-18T13:22:31.8672919Z Commit: 27cb235aab5b0e52e153a26cd86b4742e89dac5d
Test Core (Rust) (windows-latest)	Set up job	2025-09-18T13:22:31.8673614Z Build Date: 2025-08-29T13:48:48Z
Test Core (Rust) (windows-latest)	Set up job	2025-09-18T13:22:31.8674128Z ##[endgroup]
Test Core (Rust) (windows-latest)	Set up job	2025-09-18T13:22:31.8674625Z ##[group]Operating System
Test Core (Rust) (windows-latest)	Set up job	2025-09-18T13:22:31.8675171Z Microsoft Windows Server 2025
Test Core (Rust) (windows-latest)	Set up job	2025-09-18T13:22:31.8675668Z 10.0.26100
Test Core (Rust) (windows-latest)	Set up job	2025-09-18T13:22:31.8676442Z Datacenter
Test Core (Rust) (windows-latest)	Set up job	2025-09-18T13:22:31.8676843Z ##[endgroup]
Test Core (Rust) (windows-latest)	Set up job	2025-09-18T13:22:31.8677463Z ##[group]Runner Image
Test Core (Rust) (windows-latest)	Set up job	2025-09-18T13:22:31.8677982Z Image: windows-2025
Test Core (Rust) (windows-latest)	Set up job	2025-09-18T13:22:31.8678463Z Version: 20250907.19.1
Test Core (Rust) (windows-latest)	Set up job	2025-09-18T13:22:31.8679415Z Included Software: https://github.com/actions/runner-images/blob/win25/20250907.19/images/windows/Windows2025-Readme.md
Test Core (Rust) (windows-latest)	Set up job	2025-09-18T13:22:31.8680668Z Image Release: https://github.com/actions/runner-images/releases/tag/win25%2F20250907.19
Test Core (Rust) (windows-latest)	Set up job	2025-09-18T13:22:31.8681940Z ##[endgroup]
Test Core (Rust) (windows-latest)	Set up job	2025-09-18T13:22:31.8682954Z ##[group]GITHUB_TOKEN Permissions
Test Core (Rust) (windows-latest)	Set up job	2025-09-18T13:22:31.8684651Z Contents: read
Test Core (Rust) (windows-latest)	Set up job	2025-09-18T13:22:31.8685221Z Metadata: read
Test Core (Rust) (windows-latest)	Set up job	2025-09-18T13:22:31.8685648Z Packages: read
Test Core (Rust) (windows-latest)	Set up job	2025-09-18T13:22:31.8686090Z ##[endgroup]
Test Core (Rust) (windows-latest)	Set up job	2025-09-18T13:22:31.8688003Z Secret source: Actions
Test Core (Rust) (windows-latest)	Set up job	2025-09-18T13:22:31.8688712Z Prepare workflow directory
Test Core (Rust) (windows-latest)	Set up job	2025-09-18T13:22:31.9083231Z Prepare all required actions
Test Core (Rust) (windows-latest)	Set up job	2025-09-18T13:22:31.9139967Z Getting action download info
Test Core (Rust) (windows-latest)	Set up job	2025-09-18T13:22:32.3684939Z ##[error]This request has been automatically failed because it uses a deprecated version of `actions/upload-artifact: v3`. Learn more: https://github.blog/changelog/2024-04-16-deprecation-notice-v3-of-the-artifact-actions/
Test Core (Rust) (macos-latest)	Set up job	∩╗┐2025-09-18T13:22:30.2280100Z Current runner version: '2.328.0'
Test Core (Rust) (macos-latest)	Set up job	2025-09-18T13:22:30.2294540Z ##[group]Runner Image Provisioner
Test Core (Rust) (macos-latest)	Set up job	2025-09-18T13:22:30.2295030Z Hosted Compute Agent
Test Core (Rust) (macos-latest)	Set up job	2025-09-18T13:22:30.2295360Z Version: 20250912.392
Test Core (Rust) (macos-latest)	Set up job	2025-09-18T13:22:30.2295730Z Commit: d921fda672a98b64f4f82364647e2f10b2267d0b
Test Core (Rust) (macos-latest)	Set up job	2025-09-18T13:22:30.2296150Z Build Date: 2025-09-12T15:23:14Z
Test Core (Rust) (macos-latest)	Set up job	2025-09-18T13:22:30.2296500Z ##[endgroup]
Test Core (Rust) (macos-latest)	Set up job	2025-09-18T13:22:30.2296820Z ##[group]Operating System
Test Core (Rust) (macos-latest)	Set up job	2025-09-18T13:22:30.2297160Z macOS
Test Core (Rust) (macos-latest)	Set up job	2025-09-18T13:22:30.2297440Z 15.6.1
Test Core (Rust) (macos-latest)	Set up job	2025-09-18T13:22:30.2297720Z 24G90
Test Core (Rust) (macos-latest)	Set up job	2025-09-18T13:22:30.2298000Z ##[endgroup]
Test Core (Rust) (macos-latest)	Set up job	2025-09-18T13:22:30.2298290Z ##[group]Runner Image
Test Core (Rust) (macos-latest)	Set up job	2025-09-18T13:22:30.2298610Z Image: macos-15-arm64
Test Core (Rust) (macos-latest)	Set up job	2025-09-18T13:22:30.2298920Z Version: 20250916.2338
Test Core (Rust) (macos-latest)	Set up job	2025-09-18T13:22:30.2299590Z Included Software: https://github.com/actions/runner-images/blob/macos-15-arm64/20250916.2338/images/macos/macos-15-arm64-Readme.md
Test Core (Rust) (macos-latest)	Set up job	2025-09-18T13:22:30.2300520Z Image Release: https://github.com/actions/runner-images/releases/tag/macos-15-arm64%2F20250916.2338
Test Core (Rust) (macos-latest)	Set up job	2025-09-18T13:22:30.2301170Z ##[endgroup]
Test Core (Rust) (macos-latest)	Set up job	2025-09-18T13:22:30.2301840Z ##[group]GITHUB_TOKEN Permissions
Test Core (Rust) (macos-latest)	Set up job	2025-09-18T13:22:30.2302760Z Contents: read
Test Core (Rust) (macos-latest)	Set up job	2025-09-18T13:22:30.2303060Z Metadata: read
Test Core (Rust) (macos-latest)	Set up job	2025-09-18T13:22:30.2303350Z Packages: read
Test Core (Rust) (macos-latest)	Set up job	2025-09-18T13:22:30.2303650Z ##[endgroup]
Test Core (Rust) (macos-latest)	Set up job	2025-09-18T13:22:30.2304870Z Secret source: Actions
Test Core (Rust) (macos-latest)	Set up job	2025-09-18T13:22:30.2305260Z Prepare workflow directory
Test Core (Rust) (macos-latest)	Set up job	2025-09-18T13:22:30.2545940Z Prepare all required actions
Test Core (Rust) (macos-latest)	Set up job	2025-09-18T13:22:30.2570970Z Getting action download info
Test Core (Rust) (macos-latest)	Set up job	2025-09-18T13:22:30.8694730Z ##[error]This request has been automatically failed because it uses a deprecated version of `actions/upload-artifact: v3`. Learn more: https://github.blog/changelog/2024-04-16-deprecation-notice-v3-of-the-artifact-actions/
Test Core (Rust) (ubuntu-latest)	Set up job	∩╗┐2025-09-18T13:22:30.1010755Z Current runner version: '2.328.0'
Test Core (Rust) (ubuntu-latest)	Set up job	2025-09-18T13:22:30.1043080Z ##[group]Runner Image Provisioner
Test Core (Rust) (ubuntu-latest)	Set up job	2025-09-18T13:22:30.1044706Z Hosted Compute Agent
Test Core (Rust) (ubuntu-latest)	Set up job	2025-09-18T13:22:30.1045536Z Version: 20250829.383
Test Core (Rust) (ubuntu-latest)	Set up job	2025-09-18T13:22:30.1046432Z Commit: 27cb235aab5b0e52e153a26cd86b4742e89dac5d
Test Core (Rust) (ubuntu-latest)	Set up job	2025-09-18T13:22:30.1047628Z Build Date: 2025-08-29T13:48:48Z
Test Core (Rust) (ubuntu-latest)	Set up job	2025-09-18T13:22:30.1048573Z ##[endgroup]
Test Core (Rust) (ubuntu-latest)	Set up job	2025-09-18T13:22:30.1049369Z ##[group]Operating System
Test Core (Rust) (ubuntu-latest)	Set up job	2025-09-18T13:22:30.1050331Z Ubuntu
Test Core (Rust) (ubuntu-latest)	Set up job	2025-09-18T13:22:30.1051106Z 24.04.3
Test Core (Rust) (ubuntu-latest)	Set up job	2025-09-18T13:22:30.1051773Z LTS
Test Core (Rust) (ubuntu-latest)	Set up job	2025-09-18T13:22:30.1052563Z ##[endgroup]
Test Core (Rust) (ubuntu-latest)	Set up job	2025-09-18T13:22:30.1053311Z ##[group]Runner Image
Test Core (Rust) (ubuntu-latest)	Set up job	2025-09-18T13:22:30.1054445Z Image: ubuntu-24.04
Test Core (Rust) (ubuntu-latest)	Set up job	2025-09-18T13:22:30.1055350Z Version: 20250907.24.1
Test Core (Rust) (ubuntu-latest)	Set up job	2025-09-18T13:22:30.1057025Z Included Software: https://github.com/actions/runner-images/blob/ubuntu24/20250907.24/images/ubuntu/Ubuntu2404-Readme.md
Test Core (Rust) (ubuntu-latest)	Set up job	2025-09-18T13:22:30.1059320Z Image Release: https://github.com/actions/runner-images/releases/tag/ubuntu24%2F20250907.24
Test Core (Rust) (ubuntu-latest)	Set up job	2025-09-18T13:22:30.1061319Z ##[endgroup]
Test Core (Rust) (ubuntu-latest)	Set up job	2025-09-18T13:22:30.1063169Z ##[group]GITHUB_TOKEN Permissions
Test Core (Rust) (ubuntu-latest)	Set up job	2025-09-18T13:22:30.1065746Z Contents: read
Test Core (Rust) (ubuntu-latest)	Set up job	2025-09-18T13:22:30.1066590Z Metadata: read
Test Core (Rust) (ubuntu-latest)	Set up job	2025-09-18T13:22:30.1067386Z Packages: read
Test Core (Rust) (ubuntu-latest)	Set up job	2025-09-18T13:22:30.1068189Z ##[endgroup]
Test Core (Rust) (ubuntu-latest)	Set up job	2025-09-18T13:22:30.1071419Z Secret source: Actions
Test Core (Rust) (ubuntu-latest)	Set up job	2025-09-18T13:22:30.1073134Z Prepare workflow directory
Test Core (Rust) (ubuntu-latest)	Set up job	2025-09-18T13:22:30.1598077Z Prepare all required actions
Test Core (Rust) (ubuntu-latest)	Set up job	2025-09-18T13:22:30.1652341Z Getting action download info
Test Core (Rust) (ubuntu-latest)	Set up job	2025-09-18T13:22:30.5089928Z ##[error]This request has been automatically failed because it uses a deprecated version of `actions/upload-artifact: v3`. Learn more: https://github.blog/changelog/2024-04-16-deprecation-notice-v3-of-the-artifact-actions/
