[Commy] DATABASE_URL environment variable found: postgresql://commy_test:***@127.0.0.1:5434/commy_test
[Commy] О“ГІГ‰О“ГІГ‰О“ГІГ‰О“ГІГ‰О“ГІГ‰О“ГІГ‰О“ГІГ‰О“ГІГ‰О“ГІГ‰О“ГІГ‰О“ГІГ‰О“ГІГ‰О“ГІГ‰О“ГІГ‰О“ГІГ‰О“ГІГ‰О“ГІГ‰О“ГІГ‰О“ГІГ‰О“ГІГ‰О“ГІГ‰О“ГІГ‰О“ГІГ‰О“ГІГ‰О“ГІГ‰О“ГІГ‰О“ГІГ‰О“ГІГ‰О“ГІГ‰О“ГІГ‰О“ГІГ‰О“ГІГ‰О“ГІГ‰О“ГІГ‰О“ГІГ‰О“ГІГ‰О“ГІГ‰О“ГІГ‰О“ГІГ‰О“ГІГ‰О“ГІГ‰О“ГІГ‰О“ГІГ‰О“ГІГ‰
[Commy] Initializing Commy Server
[Commy] О“ГІГ‰О“ГІГ‰О“ГІГ‰О“ГІГ‰О“ГІГ‰О“ГІГ‰О“ГІГ‰О“ГІГ‰О“ГІГ‰О“ГІГ‰О“ГІГ‰О“ГІГ‰О“ГІГ‰О“ГІГ‰О“ГІГ‰О“ГІГ‰О“ГІГ‰О“ГІГ‰О“ГІГ‰О“ГІГ‰О“ГІГ‰О“ГІГ‰О“ГІГ‰О“ГІГ‰О“ГІГ‰О“ГІГ‰О“ГІГ‰О“ГІГ‰О“ГІГ‰О“ГІГ‰О“ГІГ‰О“ГІГ‰О“ГІГ‰О“ГІГ‰О“ГІГ‰О“ГІГ‰О“ГІГ‰О“ГІГ‰О“ГІГ‰О“ГІГ‰О“ГІГ‰О“ГІГ‰О“ГІГ‰О“ГІГ‰
[Commy] Server ID: node-1
[Commy] Client listen address: 127.0.0.1:8443
[Commy] TLS enabled: true
[Commy] TLS cert: Some("dev-cert.pem")
[Commy] TLS key: Some("dev-key.pem")
[Commy] Clustering enabled: false
[Commy] О“ГІГ‰О“ГІГ‰О“ГІГ‰О“ГІГ‰О“ГІГ‰О“ГІГ‰О“ГІГ‰О“ГІГ‰О“ГІГ‰О“ГІГ‰О“ГІГ‰О“ГІГ‰О“ГІГ‰О“ГІГ‰О“ГІГ‰О“ГІГ‰О“ГІГ‰О“ГІГ‰О“ГІГ‰О“ГІГ‰О“ГІГ‰О“ГІГ‰О“ГІГ‰О“ГІГ‰О“ГІГ‰О“ГІГ‰О“ГІГ‰О“ГІГ‰О“ГІГ‰О“ГІГ‰О“ГІГ‰О“ГІГ‰О“ГІГ‰О“ГІГ‰О“ГІГ‰О“ГІГ‰О“ГІГ‰О“ГІГ‰О“ГІГ‰О“ГІГ‰О“ГІГ‰О“ГІГ‰О“ГІГ‰О“ГІГ‰
[Commy] Configuring authentication:
[Commy]   Backend: PostgreSQL
[Commy]   Database: postgresql://commy_test:test_password@127.0.0.1:5434/commy_test
[Commy] О“ВЈГґ Tenant created: my_tenant
[Commy] О“ВЈГґ Initializing auth-framework... О“ВҐГ®
[Commy] О“ВЈГ№ Auth-framework initialization failed
[Commy]   Error: Auth framework error: Configuration { message: "Configuration validation failed: Configuration error: Memory storage is not suitable for production environments. Use PostgreSQL, Redis, or MySQL storage.", source: None, help: None, docs_url: None, suggested_fix: None }
[Commy] 
[Commy]   Troubleshooting:
